M	Makefile
[master f721986] Commit
 1 file changed, 10 insertions(+), 1 deletion(-)
M	Makefile
D	daytime-server
D	daytime-server.o
D	hello.o
D	hello.so
D	use-dlopen
D	use-dlopen.o
[master 1e33e01] Commit
 7 files changed, 1 insertion(+), 2 deletions(-)
 delete mode 100755 daytime-server
 delete mode 100644 daytime-server.o
 delete mode 100644 hello.o
 delete mode 100755 hello.so
 delete mode 100755 use-dlopen
 delete mode 100644 use-dlopen.o
M	Makefile
[master fa13f86] Commit
 1 file changed, 1 insertion(+), 1 deletion(-)
M	Makefile
[master b959d8c] Commit
 1 file changed, 1 insertion(+), 1 deletion(-)
M	Makefile
[master 4480899] Commit
 1 file changed, 1 insertion(+), 1 deletion(-)
On branch master
Untracked files:
	.local.git.out

nothing added to commit but untracked files present
[master d881868] Commit
 1 file changed, 1 deletion(-)
[master 1d21f5c] Commit
 1 file changed, 1 insertion(+)
[master cc8d4cd] Commit
 1 file changed, 1 insertion(+), 1 deletion(-)
[master 04854cf] Commit
 1 file changed, 1 insertion(+), 1 deletion(-)
On branch master
Your branch is up-to-date with 'origin/master'.
nothing to commit, working directory clean
[master f001349] Commit
 2 files changed, 182 insertions(+), 7 deletions(-)
 rewrite myhttpd.cc (87%)
[master 7bc7323] Commit
 2 files changed, 12 insertions(+), 21 deletions(-)
[master 5f824ab] Commit
 2 files changed, 4 insertions(+), 2 deletions(-)
[master 4488cf4] Commit
 2 files changed, 3 insertions(+), 1 deletion(-)
[master 624fd9c] Commit
 2 files changed, 16 insertions(+), 18 deletions(-)
[master c927839] Commit
 2 files changed, 4 insertions(+), 1 deletion(-)
[master 02c84bd] Commit
 1 file changed, 2 insertions(+)
[master 8a6669f] Commit
 2 files changed, 8 insertions(+)
[master 10383aa] Commit
 2 files changed, 3 insertions(+), 1 deletion(-)
[master 933fdb5] Commit
 2 files changed, 4 insertions(+), 1 deletion(-)
[master 1434475] Commit
 2 files changed, 3 insertions(+), 1 deletion(-)
[master 88fdcb0] Commit
 2 files changed, 161 insertions(+), 171 deletions(-)
 rewrite myhttpd.cc (65%)
[master fc511b9] Commit
 2 files changed, 4 insertions(+), 1 deletion(-)
[master f8ae263] Commit
 2 files changed, 3 insertions(+), 1 deletion(-)
[master c153f61] Commit
 2 files changed, 4 insertions(+), 2 deletions(-)
[master 19dd57a] Commit
 2 files changed, 11 insertions(+), 2 deletions(-)
[master 75138c4] Commit
 2 files changed, 10 insertions(+), 1 deletion(-)
[master 2da2fb5] Commit
 2 files changed, 4 insertions(+), 2 deletions(-)
[master 93b3662] Commit
 2 files changed, 3 insertions(+), 1 deletion(-)
[master 2ef77e5] Commit
 2 files changed, 4 insertions(+), 1 deletion(-)
[master f7e73c9] Commit
 2 files changed, 3 insertions(+), 1 deletion(-)
[master a161274] Commit
 1 file changed, 2 insertions(+)
[master 053dbcf] Commit
 2 files changed, 3 insertions(+), 1 deletion(-)
[master 7defd3e] Commit
 2 files changed, 7 insertions(+), 6 deletions(-)
[master 8debad6] Commit
 2 files changed, 4 insertions(+), 2 deletions(-)
[master dc496d3] Commit
 2 files changed, 3 insertions(+), 1 deletion(-)
[master 5592808] Commit
 2 files changed, 3 insertions(+), 1 deletion(-)
[master 4ff917f] Commit
 2 files changed, 11 insertions(+), 2 deletions(-)
[master 65bc6b8] Commit
 2 files changed, 10 insertions(+), 6 deletions(-)
[master c7a9492] Commit
 2 files changed, 4 insertions(+)
[master 12dabe7] Commit
 2 files changed, 3 insertions(+), 1 deletion(-)
[master 52b50d0] Commit
 2 files changed, 9 insertions(+), 1 deletion(-)
[master d412e85] Commit
 2 files changed, 3 insertions(+), 1 deletion(-)
[master 50e2589] Commit
 2 files changed, 20 insertions(+), 2 deletions(-)
[master 8dd25a8] Commit
 2 files changed, 6 insertions(+)
[master b3695fd] Commit
 2 files changed, 3 insertions(+), 1 deletion(-)
[master d08882a] Commit
 2 files changed, 3 insertions(+)
[master 57ee7b6] Commit
 2 files changed, 6 insertions(+), 3 deletions(-)
[master 89865ad] Commit
 2 files changed, 3 insertions(+), 1 deletion(-)
[master 3a935bb] Commit
 2 files changed, 5 insertions(+), 1 deletion(-)
[master fd7adf0] Commit
 1 file changed, 2 insertions(+)
[master 841bfc8] Commit
 1 file changed, 2 insertions(+)
[master f403e15] Commit
 2 files changed, 6 insertions(+), 2 deletions(-)
[master c9a41e8] Commit
 2 files changed, 4 insertions(+), 1 deletion(-)
[master 2dd8b2f] Commit
 2 files changed, 3 insertions(+)
[master eb2c03f] Commit
 2 files changed, 35 insertions(+), 16 deletions(-)
[master 8af1db9] Commit
 2 files changed, 10 insertions(+), 18 deletions(-)
[master 0ccc70b] Commit
 2 files changed, 9 insertions(+), 5 deletions(-)
[master a5dc619] Commit
 1 file changed, 2 insertions(+)
[master 03f80ff] Commit
 2 files changed, 16 insertions(+)
[master ecd51ae] Commit
 1 file changed, 2 insertions(+)
[master 38ec1df] Commit
 2 files changed, 4 insertions(+)
[master d024bc5] Commit
 2 files changed, 12 insertions(+), 3 deletions(-)
[master 9bcd403] Commit
 1 file changed, 2 insertions(+)
[master 90ecec4] Commit
 2 files changed, 3 insertions(+), 1 deletion(-)
[master 2addbe2] Commit
 1 file changed, 2 insertions(+)
[master f70f3be] Commit
 2 files changed, 45 insertions(+), 17 deletions(-)
[master db6eef1] Commit
 1 file changed, 2 insertions(+)
[master 25b0685] Commit
 2 files changed, 26 insertions(+)
[master 0510223] Commit
 2 files changed, 3 insertions(+)
[master ebdff6b] Commit
 2 files changed, 3 insertions(+), 1 deletion(-)
[master a290712] Commit
 2 files changed, 3 insertions(+), 1 deletion(-)
[master 9f6aa82] Commit
 2 files changed, 3 insertions(+), 1 deletion(-)
[master 76fa505] Commit
 2 files changed, 3 insertions(+), 1 deletion(-)
[master 6d0f959] Commit
 2 files changed, 3 insertions(+), 1 deletion(-)
[master 1919ff6] Commit
 2 files changed, 3 insertions(+), 1 deletion(-)
[master 876e9ef] Commit
 2 files changed, 3 insertions(+), 1 deletion(-)
[master cf7316c] Commit
 1 file changed, 2 insertions(+)
[master b555b90] Commit
 1 file changed, 2 insertions(+)
[master e96e288] Commit
 1 file changed, 2 insertions(+)
[master 8d8a2f8] Commit
 1 file changed, 2 insertions(+)
[master c265d94] Commit
 1 file changed, 2 insertions(+)
[master 9c17207] Commit
 2 files changed, 3 insertions(+), 1 deletion(-)
[master ebd7d5f] Commit
 2 files changed, 3 insertions(+), 1 deletion(-)
[master f2b5e9f] Commit
 1 file changed, 2 insertions(+)
[master fac00b2] Commit
 1 file changed, 2 insertions(+)
[master af9ab0a] Commit
 2 files changed, 3 insertions(+), 1 deletion(-)
[master 9fe2ec7] Commit
 1 file changed, 2 insertions(+)
[master 1d6ab47] Commit
 2 files changed, 4 insertions(+), 2 deletions(-)
[master b4986f5] Commit
 2 files changed, 3 insertions(+), 1 deletion(-)
[master a24f05a] Commit
 1 file changed, 2 insertions(+)
[master af2e295] Commit
 2 files changed, 2 insertions(+), 2 deletions(-)
[master dfe38c8] Commit
 2 files changed, 4 insertions(+)
[master cb70815] Commit
 2 files changed, 3 insertions(+), 1 deletion(-)
[master 15f3d27] Commit
 1 file changed, 2 insertions(+)
[master b279984] Commit
 1 file changed, 2 insertions(+)
[master 8c47429] Commit
 2 files changed, 3 insertions(+), 1 deletion(-)
[master 0e89b28] Commit
 2 files changed, 4 insertions(+), 2 deletions(-)
[master 0d59ffd] Commit
 2 files changed, 5 insertions(+), 5 deletions(-)
[master 259ae1f] Commit
 2 files changed, 4 insertions(+), 1 deletion(-)
[master 4f2630c] Commit
 1 file changed, 2 insertions(+)
[master 5362d03] Commit
 2 files changed, 12 insertions(+)
[master fe315c9] Commit
 2 files changed, 3 insertions(+)
[master 534d2d8] Commit
 2 files changed, 4 insertions(+)
[master 03ff98f] Commit
 2 files changed, 3 insertions(+)
[master f66eda7] Commit
 2 files changed, 3 insertions(+), 1 deletion(-)
[master e375b2e] Commit
 2 files changed, 4 insertions(+), 2 deletions(-)
[master 2276e1a] Commit
 2 files changed, 12 insertions(+), 11 deletions(-)
[master c988f4e] Commit
 1 file changed, 2 insertions(+)
[master 3ed865f] Commit
 2 files changed, 41 insertions(+), 10 deletions(-)
[master 11fa902] Commit
 2 files changed, 3 insertions(+), 1 deletion(-)
[master 1972e10] Commit
 2 files changed, 5 insertions(+), 3 deletions(-)
[master 9e30a72] Commit
 2 files changed, 7 insertions(+), 2 deletions(-)
[master cabb6af] Commit
 2 files changed, 3 insertions(+), 1 deletion(-)
[master 3de7a89] Commit
 2 files changed, 25 insertions(+), 20 deletions(-)
[master 8841f30] Commit
 1 file changed, 2 insertions(+)
[master 89569d8] Commit
 1 file changed, 2 insertions(+)
[master fce996e] Commit
 2 files changed, 4 insertions(+), 2 deletions(-)
[master ceb042d] Commit
 2 files changed, 2 insertions(+), 3 deletions(-)
[master 836a913] Commit
 1 file changed, 2 insertions(+)
[master 4247f65] Commit
 1 file changed, 2 insertions(+)
[master 00303d1] Commit
 1 file changed, 2 insertions(+)
[master 5f42727] Commit
 1 file changed, 2 insertions(+)
[master 7bc75d4] Commit
 1 file changed, 2 insertions(+)
[master 106437a] Commit
 1 file changed, 2 insertions(+)
[master 544c123] Commit
 1 file changed, 2 insertions(+)
[master be1a7df] Commit
 2 files changed, 3 insertions(+)
[master 3997c05] Commit
 2 files changed, 4 insertions(+), 1 deletion(-)
[master 84dee1d] Commit
 1 file changed, 2 insertions(+)
[master bab73d4] Commit
 1 file changed, 2 insertions(+)
[master 6d482f9] Commit
 1 file changed, 2 insertions(+)
[master f8e7d1a] Commit
 2 files changed, 3 insertions(+), 1 deletion(-)
[master 84ec2e8] Commit
 1 file changed, 2 insertions(+)
[master 5a9b019] Commit
 1 file changed, 2 insertions(+)
[master e8935da] Commit
 1 file changed, 2 insertions(+)
[master 1e8add5] Commit
 2 files changed, 3 insertions(+), 2 deletions(-)
[master a76a72f] Commit
 1 file changed, 2 insertions(+)
[master 3c470b0] Commit
 1 file changed, 2 insertions(+)
[master 3ed39c5] Commit
 1 file changed, 2 insertions(+)
[master 7fe0e7c] Commit
 1 file changed, 2 insertions(+)
[master 14546d5] Commit
 1 file changed, 2 insertions(+)
[master 10f8f63] Commit
 2 files changed, 153 insertions(+), 133 deletions(-)
[master d3a93bc] Commit
 2 files changed, 4 insertions(+), 1 deletion(-)
[master ac89091] Commit
 2 files changed, 4 insertions(+), 1 deletion(-)
[master 55bc903] Commit
 1 file changed, 2 insertions(+)
[master 160812b] Commit
 2 files changed, 15 insertions(+), 11 deletions(-)
[master 9de92fd] Commit
 2 files changed, 18 insertions(+), 6 deletions(-)
[master 468e0c9] Commit
 2 files changed, 7 insertions(+), 5 deletions(-)
[master d58c329] Commit
 2 files changed, 6 insertions(+), 4 deletions(-)
[master a27d3bf] Commit
 2 files changed, 6 insertions(+), 4 deletions(-)
[master a80fa8b] Commit
 2 files changed, 3 insertions(+), 1 deletion(-)
[master e0bf1ad] Commit
 2 files changed, 3 insertions(+)
[master 3fda143] Commit
 2 files changed, 3 insertions(+), 1 deletion(-)
[master ebe3b2e] Commit
 1 file changed, 2 insertions(+)
[master c5a956f] Commit
 2 files changed, 6 insertions(+), 2 deletions(-)
[master 492649c] Commit
 2 files changed, 3 insertions(+), 2 deletions(-)
[master c9cb081] Commit
 2 files changed, 3 insertions(+), 1 deletion(-)
[master a3f31d6] Commit
 2 files changed, 3 insertions(+), 1 deletion(-)
[master 026bc7d] Commit
 2 files changed, 3 insertions(+), 1 deletion(-)
[master f5c58ec] Commit
 2 files changed, 6 insertions(+), 1 deletion(-)
[master 1ce2e3e] Commit
 2 files changed, 3 insertions(+), 1 deletion(-)
[master c445c0f] Commit
 2 files changed, 2 insertions(+), 1 deletion(-)
[master ce704d1] Commit
 1 file changed, 2 insertions(+)
[master b447892] Commit
 2 files changed, 6 insertions(+), 1 deletion(-)
[master 57073e0] Commit
 2 files changed, 3 insertions(+), 1 deletion(-)
[master fef8591] Commit
 1 file changed, 2 insertions(+)
[master e092bdf] Commit
 1 file changed, 2 insertions(+)
[master dbd16f6] Commit
 1 file changed, 2 insertions(+)
[master 4f6d091] Commit
 1 file changed, 2 insertions(+)
[master cf39b0a] Commit
 1 file changed, 2 insertions(+)
[master 859ab34] Commit
 1 file changed, 2 insertions(+)
[master 2674fbb] Commit
 1 file changed, 2 insertions(+)
[master 8cfb735] Commit
 1 file changed, 2 insertions(+)
[master dd3cf80] Commit
 1 file changed, 2 insertions(+)
[master ae0cff0] Commit
 2 files changed, 3 insertions(+)
[master f06578c] Commit
 1 file changed, 2 insertions(+)
[master ade774f] Commit
 1 file changed, 2 insertions(+)
[master 5241258] Commit
 1 file changed, 2 insertions(+)
[master 53a2355] Commit
 2 files changed, 5 insertions(+), 24 deletions(-)
[master f4b4023] Commit
 1 file changed, 2 insertions(+)
[master 91cb36c] Commit
 2 files changed, 5 insertions(+), 3 deletions(-)
[master 0eb3094] Commit
 2 files changed, 2 insertions(+), 1 deletion(-)
[master 323cff5] Commit
 1 file changed, 2 insertions(+)
[master 4bd52e1] Commit
 1 file changed, 2 insertions(+)
[master 2fd92ad] Commit
 1 file changed, 2 insertions(+)
[master ab75bb8] Commit
 2 files changed, 3 insertions(+)
[master 138db9e] Commit
 2 files changed, 4 insertions(+), 1 deletion(-)
[master d4bdeae] Commit
 1 file changed, 2 insertions(+)
[master 9056f2b] Commit
 2 files changed, 5 insertions(+), 4 deletions(-)
[master b1166cc] Commit
 2 files changed, 4 insertions(+), 3 deletions(-)
[master 49b870f] Commit
 2 files changed, 2 insertions(+), 1 deletion(-)
[master ad6e64c] Commit
 2 files changed, 3 insertions(+)
[master e4bcd93] Commit
 2 files changed, 4 insertions(+), 2 deletions(-)
[master 50f5618] Commit
 2 files changed, 3 insertions(+), 1 deletion(-)
[master 90349b1] Commit
 2 files changed, 3 insertions(+)
[master f730cef] Commit
 2 files changed, 11 insertions(+), 8 deletions(-)
[master 3b089bd] Commit
 2 files changed, 29 insertions(+), 4 deletions(-)
[master 52153b7] Commit
 2 files changed, 3 insertions(+), 1 deletion(-)
[master 82996d6] Commit
 2 files changed, 3 insertions(+), 1 deletion(-)
[master e7524f3] Commit
 2 files changed, 4 insertions(+), 2 deletions(-)
[master ca0970e] Commit
 2 files changed, 3 insertions(+), 1 deletion(-)
[master 3f94243] Commit
 2 files changed, 4 insertions(+)
[master 16e0a55] Commit
 2 files changed, 5 insertions(+), 3 deletions(-)
[master 00521d2] Commit
 2 files changed, 3 insertions(+), 2 deletions(-)
[master e3506e0] Commit
 2 files changed, 4 insertions(+), 2 deletions(-)
[master f38ee7d] Commit
 2 files changed, 3 insertions(+), 1 deletion(-)
[master 80d541c] Commit
 2 files changed, 10 insertions(+), 8 deletions(-)
[master e3de543] Commit
 1 file changed, 2 insertions(+)
[master 0b2cee8] Commit
 1 file changed, 2 insertions(+)
[master a8c40aa] Commit
 1 file changed, 2 insertions(+)
[master f5f61c6] Commit
 1 file changed, 2 insertions(+)
[master f2aeb70] Commit
 2 files changed, 2 insertions(+), 1 deletion(-)
[master ba7f88c] Commit
 1 file changed, 2 insertions(+)
[master c7a0dd7] Commit
 2 files changed, 20 insertions(+), 31 deletions(-)
[master e8ceb2a] Commit
 2 files changed, 2 insertions(+), 3 deletions(-)
[master e2c659f] Commit
 2 files changed, 5 insertions(+), 2 deletions(-)
[master 61613ae] Commit
 2 files changed, 8 insertions(+), 5 deletions(-)
[master b4e5a76] Commit
 2 files changed, 3 insertions(+), 1 deletion(-)
[master 0a9c27f] Commit
 1 file changed, 2 insertions(+)
[master 0354282] Commit
 1 file changed, 2 insertions(+)
[master 7d3473e] Commit
 1 file changed, 2 insertions(+)
[master 2efa1c7] Commit
 1 file changed, 2 insertions(+)
[master 6134620] Commit
 2 files changed, 4 insertions(+), 1 deletion(-)
[master 55fee02] Commit
 1 file changed, 2 insertions(+)
[master de052fd] Commit
 1 file changed, 2 insertions(+)
[master 2b80183] Commit
 2 files changed, 3 insertions(+), 1 deletion(-)
[master 4bfd52e] Commit
 2 files changed, 3 insertions(+), 1 deletion(-)
[master ac4220e] Commit
 2 files changed, 3 insertions(+), 1 deletion(-)
[master 3f93439] Commit
 2 files changed, 2 insertions(+), 1 deletion(-)
[master 3f5abcd] Commit
 2 files changed, 5 insertions(+), 3 deletions(-)
[master 1c50383] Commit
 2 files changed, 5 insertions(+), 3 deletions(-)
[master d726a22] Commit
 1 file changed, 2 insertions(+)
[master 105de54] Commit
 1 file changed, 2 insertions(+)
[master ee9454c] Commit
 1 file changed, 2 insertions(+)
[master e203fcc] Commit
 2 files changed, 4 insertions(+)
[master 5263788] Commit
 2 files changed, 3 insertions(+), 1 deletion(-)
[master 4482901] Commit
 1 file changed, 2 insertions(+)
[master ba7980f] Commit
 1 file changed, 2 insertions(+)
[master 9852142] Commit
 1 file changed, 2 insertions(+)
[master 3ab7c22] Commit
 1 file changed, 2 insertions(+)
[master 5ae0b9e] Commit
 1 file changed, 2 insertions(+)
[master a094fcc] Commit
 2 files changed, 3 insertions(+)
[master ff9eb0a] Commit
 1 file changed, 2 insertions(+)
[master 9cf5186] Commit
 2 files changed, 8 insertions(+), 5 deletions(-)
[master c620759] Commit
 2 files changed, 2 insertions(+), 1 deletion(-)
[master ad79c20] Commit
 1 file changed, 2 insertions(+)
[master a24b62a] Commit
 2 files changed, 4 insertions(+)
[master c649674] Commit
 2 files changed, 3 insertions(+), 2 deletions(-)
[master 2d59c0b] Commit
 1 file changed, 2 insertions(+)
[master 7fdb35d] Commit
 1 file changed, 2 insertions(+)
[master f158364] Commit
 1 file changed, 2 insertions(+)
[master 757e29f] Commit
 2 files changed, 10 insertions(+)
[master 7e12549] Commit
 2 files changed, 3 insertions(+), 1 deletion(-)
[master 2bc7ff5] Commit
 2 files changed, 3 insertions(+)
[master 0e33d0f] Commit
 2 files changed, 3 insertions(+)
[master cbc5a74] Commit
 2 files changed, 3 insertions(+)
[master 1d20248] Commit
 2 files changed, 17 insertions(+), 10 deletions(-)
[master 9713b52] Commit
 2 files changed, 5 insertions(+), 3 deletions(-)
[master 3373b52] Commit
 2 files changed, 2 insertions(+), 1 deletion(-)
[master 98ea794] Commit
 2 files changed, 4 insertions(+), 1 deletion(-)
[master 9f7aacf] Commit
 2 files changed, 4 insertions(+), 2 deletions(-)
[master e79a9c1] Commit
 2 files changed, 9 insertions(+), 2 deletions(-)
[master 89dd54e] Commit
 2 files changed, 4 insertions(+), 2 deletions(-)
[master d321846] Commit
 2 files changed, 40 insertions(+), 1 deletion(-)
[master 56493a4] Commit
 2 files changed, 5 insertions(+), 3 deletions(-)
[master f18a536] Commit
 2 files changed, 3 insertions(+), 2 deletions(-)
[master c61850e] Commit
 2 files changed, 4 insertions(+), 1 deletion(-)
[master 1a78b8d] Commit
 2 files changed, 5 insertions(+), 3 deletions(-)
[master da54df1] Commit
 2 files changed, 37 insertions(+), 35 deletions(-)
[master dc57112] Commit
 2 files changed, 3 insertions(+), 1 deletion(-)
[master e8533bd] Commit
 2 files changed, 3 insertions(+), 1 deletion(-)
[master a804d6b] Commit
 2 files changed, 3 insertions(+), 1 deletion(-)
[master 149e787] Commit
 2 files changed, 4 insertions(+), 2 deletions(-)
[master 76800aa] Commit
 2 files changed, 3 insertions(+), 1 deletion(-)
[master ae659c3] Commit
 2 files changed, 2 insertions(+), 1 deletion(-)
[master 0b7e7d4] Commit
 2 files changed, 3 insertions(+)
[master b473b78] Commit
 2 files changed, 3 insertions(+), 1 deletion(-)
[master 330029a] Commit
 2 files changed, 39 insertions(+), 37 deletions(-)
[master 2546b67] Commit
 2 files changed, 6 insertions(+), 4 deletions(-)
[master c40ff3a] Commit
 2 files changed, 4 insertions(+), 2 deletions(-)
[master 3fcf966] Commit
 2 files changed, 3 insertions(+), 1 deletion(-)
[master 3ead550] Commit
 2 files changed, 9 insertions(+), 7 deletions(-)
[master e5dd257] Commit
 2 files changed, 3 insertions(+), 1 deletion(-)
[master 0f7a81b] Commit
 2 files changed, 3 insertions(+), 1 deletion(-)
[master 1057899] Commit
 2 files changed, 5 insertions(+), 3 deletions(-)
[master 47d7ff4] Commit
 2 files changed, 3 insertions(+), 1 deletion(-)
[master 383d3d7] Commit
 2 files changed, 4 insertions(+)
[master 1f502ef] Commit
 2 files changed, 17 insertions(+), 10 deletions(-)
[master 73d22e1] Commit
 2 files changed, 12 insertions(+), 1 deletion(-)
[master e4d6f99] Commit
 2 files changed, 3 insertions(+)
[master 9c17d70] Commit
 2 files changed, 18 insertions(+), 1 deletion(-)
[master d4074f7] Commit
 2 files changed, 4 insertions(+), 2 deletions(-)
[master 37b1430] Commit
 2 files changed, 4 insertions(+), 1 deletion(-)
[master 27c1d62] Commit
 2 files changed, 3 insertions(+)
[master 026e279] Commit
 2 files changed, 15 insertions(+), 7 deletions(-)
[master bcc49f6] Commit
 2 files changed, 17 insertions(+), 1 deletion(-)
[master 4970cba] Commit
 1 file changed, 2 insertions(+)
[master 6b72d28] Commit
 2 files changed, 7 insertions(+), 1 deletion(-)
[master ad3670f] Commit
 2 files changed, 4 insertions(+), 2 deletions(-)
[master a7a15d9] Commit
 2 files changed, 10 insertions(+), 1 deletion(-)
[master b8869cb] Commit
 2 files changed, 42 insertions(+), 7 deletions(-)
[master f896ca2] Commit
 2 files changed, 7 insertions(+), 4 deletions(-)
[master 9fd8f94] Commit
 2 files changed, 5 insertions(+), 3 deletions(-)
[master bc62197] Commit
 2 files changed, 3 insertions(+), 2 deletions(-)
[master 425734e] Commit
 2 files changed, 3 insertions(+), 1 deletion(-)
[master 7fbc81c] Commit
 2 files changed, 3 insertions(+)
[master b9cf13b] Commit
 1 file changed, 2 insertions(+)
[master 8407c5a] Commit
 1 file changed, 2 insertions(+)
[master 3df0927] Commit
 2 files changed, 6 insertions(+), 4 deletions(-)
[master a1eacc6] Commit
 1 file changed, 2 insertions(+)
[master 3f283aa] Commit
 2 files changed, 4 insertions(+), 1 deletion(-)
[master 783be8f] Commit
 2 files changed, 5 insertions(+), 3 deletions(-)
[master d648cd6] Commit
 1 file changed, 2 insertions(+)
[master 3352828] Commit
 2 files changed, 4 insertions(+), 2 deletions(-)
[master 071c91f] Commit
 2 files changed, 6 insertions(+), 3 deletions(-)
[master 92294dd] Commit
 2 files changed, 4 insertions(+), 1 deletion(-)
[master bb31a67] Commit
 2 files changed, 7 insertions(+), 5 deletions(-)
[master 1a29969] Commit
 2 files changed, 4 insertions(+)
[master e12ca74] Commit
 2 files changed, 3 insertions(+)
[master 582844a] Commit
 2 files changed, 40 insertions(+), 1 deletion(-)
[master edfb3b8] Commit
 2 files changed, 8 insertions(+)
[master ea554d4] Commit
 2 files changed, 5 insertions(+), 1 deletion(-)
[master bc453a7] Commit
 2 files changed, 2 insertions(+), 4 deletions(-)
[master b8ac9c2] Commit
 2 files changed, 4 insertions(+), 2 deletions(-)
[master 3c2f36f] Commit
 2 files changed, 18 insertions(+), 12 deletions(-)
[master 7e9206f] Commit
 2 files changed, 3 insertions(+), 1 deletion(-)
[master 4a35855] Commit
 2 files changed, 2 insertions(+), 2 deletions(-)
[master 7619d45] Commit
 2 files changed, 8 insertions(+)
[master e0ba13d] Commit
 2 files changed, 54 insertions(+), 9 deletions(-)
[master 8999d21] Commit
 2 files changed, 9 insertions(+), 6 deletions(-)
[master dd50010] Commit
 2 files changed, 8 insertions(+), 6 deletions(-)
[master af5a5f1] Commit
 2 files changed, 5 insertions(+), 3 deletions(-)
[master 76cca0c] Commit
 2 files changed, 3 insertions(+), 1 deletion(-)
[master 76faf93] Commit
 2 files changed, 75 insertions(+), 43 deletions(-)
[master 253f0f4] Commit
 2 files changed, 4 insertions(+), 2 deletions(-)
[master 1677c00] Commit
 2 files changed, 6 insertions(+), 2 deletions(-)
[master 45c610d] Commit
 2 files changed, 3 insertions(+), 1 deletion(-)
[master 087cb87] Commit
 2 files changed, 3 insertions(+), 1 deletion(-)
[master 6ae57e7] Commit
 2 files changed, 4 insertions(+), 2 deletions(-)
[master 1f13cd0] Commit
 2 files changed, 19 insertions(+), 4 deletions(-)
[master 457fe8c] Commit
 2 files changed, 3 insertions(+), 1 deletion(-)
[master 49e6dab] Commit
 2 files changed, 17 insertions(+), 4 deletions(-)
[master 56ecdb0] Commit
 2 files changed, 6 insertions(+), 3 deletions(-)
[master 81a97b5] Commit
 2 files changed, 3 insertions(+)
[master 476b459] Commit
 2 files changed, 5 insertions(+), 5 deletions(-)
[master 1bedfaa] Commit
 2 files changed, 2 insertions(+), 2 deletions(-)
[master 30e4b10] Commit
 1 file changed, 2 insertions(+)
[master e53d8eb] Commit
 1 file changed, 2 insertions(+)
[master ecd2527] Commit
 1 file changed, 2 insertions(+)
[master 5c50f82] Commit
 2 files changed, 3 insertions(+), 1 deletion(-)
[master 03d3b9f] Commit
 1 file changed, 2 insertions(+)
[master 66e7c50] Commit
 1 file changed, 2 insertions(+)
[master b6a005f] Commit
 3 files changed, 22 insertions(+), 11 deletions(-)
[master 766aaed] Commit
 2 files changed, 6 insertions(+), 4 deletions(-)
[master a6cf096] Commit
 2 files changed, 3 insertions(+), 1 deletion(-)
[master 837e3a8] Commit
 2 files changed, 4 insertions(+), 2 deletions(-)
[master e7f3133] Commit
 2 files changed, 3 insertions(+)
[master 9bbb6fd] Commit
 2 files changed, 6 insertions(+), 1 deletion(-)
[master 6d0e6c4] Commit
 2 files changed, 3 insertions(+)
[master 3bd5c61] Commit
 2 files changed, 3 insertions(+)
[master 06b0ab2] Commit
 2 files changed, 3 insertions(+), 1 deletion(-)
[master 531a710] Commit
 2 files changed, 3 insertions(+)
[master 7bcbd67] Commit
 2 files changed, 3 insertions(+)
[master 0e8a9d7] Commit
 2 files changed, 3 insertions(+), 1 deletion(-)
[master 6e47edf] Commit
 2 files changed, 3 insertions(+), 1 deletion(-)
[master 02b2104] Commit
 1 file changed, 2 insertions(+)
[master 4983bd4] Commit
 2 files changed, 5 insertions(+), 1 deletion(-)
[master 2afbacf] Commit
 2 files changed, 4 insertions(+), 2 deletions(-)
[master 8aee46f] Commit
 2 files changed, 3 insertions(+), 1 deletion(-)
[master 7badf55] Commit
 2 files changed, 3 insertions(+), 1 deletion(-)
[master 57f9580] Commit
 2 files changed, 3 insertions(+), 1 deletion(-)
[master 7220afd] Commit
 2 files changed, 5 insertions(+), 1 deletion(-)
[master 7f50444] Commit
 2 files changed, 4 insertions(+), 2 deletions(-)
[master bca500e] Commit
 8 files changed, 6 insertions(+), 4 deletions(-)
 rewrite http-root-dir/cgi-bin/post-query (91%)
 rewrite http-root-dir/cgi-bin/query (89%)
 rewrite http-root-dir/cgi-src/post-query.o (98%)
 rewrite http-root-dir/cgi-src/query.o (97%)
 rewrite http-root-dir/cgi-src/util.o (99%)
