[master 0cd9271] Lab 2 commit
 1 file changed, 1 insertion(+)
On branch master
Your branch is up-to-date with 'origin/master'.
Untracked files:
	.local.git.out

nothing added to commit but untracked files present
On branch master
Your branch is up-to-date with 'origin/master'.
Untracked files:
	.local.git.out
	testfile

nothing added to commit but untracked files present
[master 7f84613] Lab 2 commit
 1 file changed, 3 insertions(+)
[master 6c30004] Lab 2 commit
 1 file changed, 4 insertions(+)
On branch master
Your branch is up-to-date with 'origin/master'.
Untracked files:
	.local.git.out
	testfile

nothing added to commit but untracked files present
[master 59b5911] Lab 2 commit
 1 file changed, 18 insertions(+)
On branch master
Your branch is up-to-date with 'origin/master'.
Untracked files:
	.local.git.out
	testfile

nothing added to commit but untracked files present
[master dee7809] Lab 2 commit
 1 file changed, 7 insertions(+), 1 deletion(-)
On branch master
Your branch is up-to-date with 'origin/master'.
Untracked files:
	.local.git.out
	testfile

nothing added to commit but untracked files present
[master 675139b] Lab 2 commit
 1 file changed, 2 insertions(+), 1 deletion(-)
On branch master
Your branch is up-to-date with 'origin/master'.
Untracked files:
	.local.git.out
	testfile

nothing added to commit but untracked files present
[master a716753] Lab 2 commit
 1 file changed, 1 insertion(+), 1 deletion(-)
[master aee7852] Lab 2 commit
 1 file changed, 1 insertion(+)
On branch master
Your branch is up-to-date with 'origin/master'.
Untracked files:
	.local.git.out
	testfile

nothing added to commit but untracked files present
[master a891056] Lab 2 commit
 1 file changed, 8 insertions(+), 8 deletions(-)
On branch master
Your branch is up-to-date with 'origin/master'.
Untracked files:
	.local.git.out
	testfile

nothing added to commit but untracked files present
[master 8b9f0ac] Lab 2 commit
 1 file changed, 5 insertions(+)
On branch master
Your branch is up-to-date with 'origin/master'.
Untracked files:
	.local.git.out
	testfile

nothing added to commit but untracked files present
[master d3e6b21] Lab 2 commit
 1 file changed, 1 insertion(+), 1 deletion(-)
[master 336e13d] Lab 2 commit
 1 file changed, 1 insertion(+), 1 deletion(-)
On branch master
Your branch is up-to-date with 'origin/master'.
Untracked files:
	.local.git.out
	test-pass
	testfile

nothing added to commit but untracked files present
On branch master
Your branch is up-to-date with 'origin/master'.
Untracked files:
	.local.git.out
	test-pass
	testfile

nothing added to commit but untracked files present
On branch master
Your branch is up-to-date with 'origin/master'.
Untracked files:
	.local.git.out
	test-pass
	testfile

nothing added to commit but untracked files present
On branch master
Your branch is up-to-date with 'origin/master'.
Untracked files:
	.local.git.out
	test-pass
	testfile

nothing added to commit but untracked files present
On branch master
Your branch is up-to-date with 'origin/master'.
Untracked files:
	.local.git.out
	test-pass
	testfile

nothing added to commit but untracked files present
On branch master
Your branch is up-to-date with 'origin/master'.
Untracked files:
	.local.git.out
	test-pass
	testfile

nothing added to commit but untracked files present
On branch master
Your branch is up-to-date with 'origin/master'.
Untracked files:
	.local.git.out
	test-pass
	testfile

nothing added to commit but untracked files present
On branch master
Your branch is up-to-date with 'origin/master'.
Untracked files:
	.local.git.out
	test-pass
	testfile

nothing added to commit but untracked files present
On branch master
Your branch is up-to-date with 'origin/master'.
Untracked files:
	.local.git.out
	test-pass
	testfile

nothing added to commit but untracked files present
On branch master
Your branch is up-to-date with 'origin/master'.
Untracked files:
	.local.git.out
	test-pass
	testfile

nothing added to commit but untracked files present
On branch master
Your branch is up-to-date with 'origin/master'.
Untracked files:
	.local.git.out
	test-pass
	testfile

nothing added to commit but untracked files present
On branch master
Your branch is up-to-date with 'origin/master'.
Untracked files:
	.local.git.out
	test-pass
	testfile

nothing added to commit but untracked files present
On branch master
Your branch is up-to-date with 'origin/master'.
Untracked files:
	.local.git.out
	test-pass
	testfile

nothing added to commit but untracked files present
On branch master
Your branch is up-to-date with 'origin/master'.
Untracked files:
	.local.git.out
	test-pass
	testfile

nothing added to commit but untracked files present
On branch master
Your branch is up-to-date with 'origin/master'.
Untracked files:
	.local.git.out
	test-pass
	testfile

nothing added to commit but untracked files present
On branch master
Your branch is up-to-date with 'origin/master'.
Untracked files:
	.local.git.out
	test-pass
	testfile

nothing added to commit but untracked files present
On branch master
Your branch is up-to-date with 'origin/master'.
Untracked files:
	.local.git.out
	test-pass
	testfile

nothing added to commit but untracked files present
On branch master
Your branch is up-to-date with 'origin/master'.
Untracked files:
	.local.git.out
	test-pass
	testfile

nothing added to commit but untracked files present
On branch master
Your branch is up-to-date with 'origin/master'.
Untracked files:
	.local.git.out
	test-pass
	testfile

nothing added to commit but untracked files present
[master 42a214d] Lab 2 commit
 1 file changed, 2 insertions(+), 2 deletions(-)
On branch master
Your branch is up-to-date with 'origin/master'.
Untracked files:
	.local.git.out
	test-pass
	testfile

nothing added to commit but untracked files present
On branch master
Your branch is up-to-date with 'origin/master'.
Untracked files:
	.local.git.out
	test-pass
	testfile

nothing added to commit but untracked files present
On branch master
Your branch is up-to-date with 'origin/master'.
Untracked files:
	.local.git.out
	test-pass
	testfile

nothing added to commit but untracked files present
On branch master
Your branch is up-to-date with 'origin/master'.
Untracked files:
	.local.git.out
	test-pass
	testfile

nothing added to commit but untracked files present
On branch master
Your branch is up-to-date with 'origin/master'.
Untracked files:
	.local.git.out
	test-pass
	testfile

nothing added to commit but untracked files present
On branch master
Your branch is up-to-date with 'origin/master'.
Untracked files:
	.local.git.out
	test-pass
	testfile

nothing added to commit but untracked files present
On branch master
Your branch is up-to-date with 'origin/master'.
Untracked files:
	.local.git.out
	test-pass
	testfile

nothing added to commit but untracked files present
On branch master
Your branch is up-to-date with 'origin/master'.
Untracked files:
	.local.git.out
	test-pass
	testfile

nothing added to commit but untracked files present
On branch master
Your branch is up-to-date with 'origin/master'.
Untracked files:
	.local.git.out
	test-pass
	testfile

nothing added to commit but untracked files present
On branch master
Your branch is up-to-date with 'origin/master'.
Untracked files:
	.local.git.out
	test-pass
	testfile

nothing added to commit but untracked files present
On branch master
Your branch is up-to-date with 'origin/master'.
Untracked files:
	.local.git.out
	test-pass
	testfile

nothing added to commit but untracked files present
On branch master
Your branch is up-to-date with 'origin/master'.
Untracked files:
	.local.git.out
	test-pass
	testfile

nothing added to commit but untracked files present
On branch master
Your branch is up-to-date with 'origin/master'.
Untracked files:
	.local.git.out
	test-pass
	testfile

nothing added to commit but untracked files present
On branch master
Your branch is up-to-date with 'origin/master'.
Untracked files:
	.local.git.out
	test-pass
	testfile

nothing added to commit but untracked files present
On branch master
Your branch is up-to-date with 'origin/master'.
Untracked files:
	.local.git.out
	test-pass
	testfile

nothing added to commit but untracked files present
On branch master
Your branch is up-to-date with 'origin/master'.
Untracked files:
	.local.git.out
	test-pass
	testfile

nothing added to commit but untracked files present
On branch master
Your branch is up-to-date with 'origin/master'.
Untracked files:
	.local.git.out
	test-pass
	testfile

nothing added to commit but untracked files present
On branch master
Your branch is up-to-date with 'origin/master'.
Untracked files:
	.local.git.out
	test-pass
	testfile

nothing added to commit but untracked files present
On branch master
Your branch is up-to-date with 'origin/master'.
Untracked files:
	.local.git.out
	test-pass
	testfile

nothing added to commit but untracked files present
On branch master
Your branch is up-to-date with 'origin/master'.
Untracked files:
	.local.git.out
	test-pass
	testfile

nothing added to commit but untracked files present
On branch master
Your branch is up-to-date with 'origin/master'.
Untracked files:
	.local.git.out
	test-pass
	testfile

nothing added to commit but untracked files present
On branch master
Your branch is up-to-date with 'origin/master'.
Untracked files:
	.local.git.out
	test-pass
	testfile

nothing added to commit but untracked files present
On branch master
Your branch is up-to-date with 'origin/master'.
Untracked files:
	.local.git.out
	test-pass
	testfile

nothing added to commit but untracked files present
On branch master
Your branch is up-to-date with 'origin/master'.
Untracked files:
	.local.git.out
	test-pass
	testfile

nothing added to commit but untracked files present
On branch master
Your branch is up-to-date with 'origin/master'.
Untracked files:
	.local.git.out
	test-pass
	testfile

nothing added to commit but untracked files present
On branch master
Your branch is up-to-date with 'origin/master'.
Untracked files:
	.local.git.out
	test-pass
	testfile

nothing added to commit but untracked files present
On branch master
Your branch is up-to-date with 'origin/master'.
Untracked files:
	.local.git.out
	test-pass
	testfile

nothing added to commit but untracked files present
On branch master
Your branch is up-to-date with 'origin/master'.
Untracked files:
	.local.git.out
	test-pass
	testfile

nothing added to commit but untracked files present
On branch master
Your branch is up-to-date with 'origin/master'.
Untracked files:
	.local.git.out
	test-pass
	testfile

nothing added to commit but untracked files present
On branch master
Your branch is up-to-date with 'origin/master'.
Untracked files:
	.local.git.out
	test-pass
	testfile

nothing added to commit but untracked files present
On branch master
Your branch is up-to-date with 'origin/master'.
Untracked files:
	.local.git.out
	test-pass
	testfile

nothing added to commit but untracked files present
On branch master
Your branch is up-to-date with 'origin/master'.
Untracked files:
	.local.git.out
	test-pass
	testfile

nothing added to commit but untracked files present
On branch master
Your branch is up-to-date with 'origin/master'.
Untracked files:
	.local.git.out
	test-pass
	testfile

nothing added to commit but untracked files present
On branch master
Your branch is up-to-date with 'origin/master'.
Untracked files:
	.local.git.out
	test-pass
	testfile

nothing added to commit but untracked files present
On branch master
Your branch is up-to-date with 'origin/master'.
Untracked files:
	.local.git.out
	test-pass
	testfile

nothing added to commit but untracked files present
On branch master
Your branch is up-to-date with 'origin/master'.
Untracked files:
	.local.git.out
	test-pass
	testfile

nothing added to commit but untracked files present
On branch master
Your branch is up-to-date with 'origin/master'.
Untracked files:
	.local.git.out
	test-pass
	testfile

nothing added to commit but untracked files present
[master 1752fe5] Lab 2 commit
 1 file changed, 1 insertion(+), 1 deletion(-)
On branch master
Your branch is up-to-date with 'origin/master'.
Untracked files:
	.local.git.out
	test-pass
	testfile

nothing added to commit but untracked files present
On branch master
Your branch is up-to-date with 'origin/master'.
Untracked files:
	.local.git.out
	test-pass
	testfile

nothing added to commit but untracked files present
On branch master
Your branch is up-to-date with 'origin/master'.
Untracked files:
	.local.git.out
	test-pass
	testfile

nothing added to commit but untracked files present
On branch master
Your branch is up-to-date with 'origin/master'.
Untracked files:
	.local.git.out
	test-pass
	testfile

nothing added to commit but untracked files present
On branch master
Your branch is up-to-date with 'origin/master'.
Untracked files:
	.local.git.out
	test-pass
	testfile

nothing added to commit but untracked files present
On branch master
Your branch is up-to-date with 'origin/master'.
Untracked files:
	.local.git.out
	test-pass
	testfile

nothing added to commit but untracked files present
On branch master
Your branch is up-to-date with 'origin/master'.
Untracked files:
	.local.git.out
	test-pass
	testfile

nothing added to commit but untracked files present
On branch master
Your branch is up-to-date with 'origin/master'.
Untracked files:
	.local.git.out
	test-pass
	testfile

nothing added to commit but untracked files present
On branch master
Your branch is up-to-date with 'origin/master'.
Untracked files:
	.local.git.out
	test-pass
	testfile

nothing added to commit but untracked files present
On branch master
Your branch is up-to-date with 'origin/master'.
Untracked files:
	.local.git.out
	test-pass
	testfile

nothing added to commit but untracked files present
On branch master
Your branch is up-to-date with 'origin/master'.
Untracked files:
	.local.git.out
	test-pass
	testfile

nothing added to commit but untracked files present
On branch master
Your branch is up-to-date with 'origin/master'.
Untracked files:
	.local.git.out
	test-pass
	testfile

nothing added to commit but untracked files present
On branch master
Your branch is up-to-date with 'origin/master'.
Untracked files:
	.local.git.out
	test-pass
	testfile

nothing added to commit but untracked files present
On branch master
Your branch is up-to-date with 'origin/master'.
Untracked files:
	.local.git.out
	test-pass
	testfile

nothing added to commit but untracked files present
On branch master
Your branch is up-to-date with 'origin/master'.
Untracked files:
	.local.git.out
	test-pass
	testfile

nothing added to commit but untracked files present
On branch master
Your branch is up-to-date with 'origin/master'.
Untracked files:
	.local.git.out
	test-pass
	testfile

nothing added to commit but untracked files present
On branch master
Your branch is up-to-date with 'origin/master'.
Untracked files:
	.local.git.out
	test-pass
	testfile

nothing added to commit but untracked files present
On branch master
Your branch is up-to-date with 'origin/master'.
Untracked files:
	.local.git.out
	test-pass
	testfile

nothing added to commit but untracked files present
On branch master
Your branch is up-to-date with 'origin/master'.
Untracked files:
	.local.git.out
	test-pass
	testfile

nothing added to commit but untracked files present
On branch master
Your branch is up-to-date with 'origin/master'.
Untracked files:
	.local.git.out
	test-pass
	testfile

nothing added to commit but untracked files present
On branch master
Your branch is up-to-date with 'origin/master'.
Untracked files:
	.local.git.out
	test-pass
	testfile

nothing added to commit but untracked files present
On branch master
Your branch is up-to-date with 'origin/master'.
Untracked files:
	.local.git.out
	test-pass
	testfile

nothing added to commit but untracked files present
On branch master
Your branch is up-to-date with 'origin/master'.
Untracked files:
	.local.git.out
	test-pass
	testfile

nothing added to commit but untracked files present
On branch master
Your branch is up-to-date with 'origin/master'.
Untracked files:
	.local.git.out
	test-pass
	testfile

nothing added to commit but untracked files present
On branch master
Your branch is up-to-date with 'origin/master'.
Untracked files:
	.local.git.out
	test-pass
	testfile

nothing added to commit but untracked files present
On branch master
Your branch is up-to-date with 'origin/master'.
Untracked files:
	.local.git.out
	test-pass
	testfile

nothing added to commit but untracked files present
On branch master
Your branch is up-to-date with 'origin/master'.
Untracked files:
	.local.git.out
	test-pass
	testfile

nothing added to commit but untracked files present
On branch master
Your branch is up-to-date with 'origin/master'.
Untracked files:
	.local.git.out
	test-pass
	testfile

nothing added to commit but untracked files present
On branch master
Your branch is up-to-date with 'origin/master'.
Untracked files:
	.local.git.out
	test-pass
	testfile

nothing added to commit but untracked files present
On branch master
Your branch is up-to-date with 'origin/master'.
Untracked files:
	.local.git.out
	test-pass
	testfile

nothing added to commit but untracked files present
On branch master
Your branch is up-to-date with 'origin/master'.
Untracked files:
	.local.git.out
	test-pass
	testfile

nothing added to commit but untracked files present
On branch master
Your branch is up-to-date with 'origin/master'.
Untracked files:
	.local.git.out
	test-pass
	testfile

nothing added to commit but untracked files present
On branch master
Your branch is up-to-date with 'origin/master'.
Untracked files:
	.local.git.out
	test-pass
	testfile

nothing added to commit but untracked files present
On branch master
Your branch is up-to-date with 'origin/master'.
Untracked files:
	.local.git.out
	test-pass
	testfile

nothing added to commit but untracked files present
On branch master
Your branch is up-to-date with 'origin/master'.
Untracked files:
	.local.git.out
	test-pass
	testfile

nothing added to commit but untracked files present
On branch master
Your branch is up-to-date with 'origin/master'.
Untracked files:
	.local.git.out
	test-pass
	testfile

nothing added to commit but untracked files present
On branch master
Your branch is up-to-date with 'origin/master'.
Untracked files:
	.local.git.out
	test-pass
	testfile

nothing added to commit but untracked files present
On branch master
Your branch is up-to-date with 'origin/master'.
Untracked files:
	.local.git.out
	in
	out1-1
	test-pass
	testfile

nothing added to commit but untracked files present
On branch master
Your branch is up-to-date with 'origin/master'.
Untracked files:
	.local.git.out
	in
	out1-1
	out1-2
	test-pass
	testfile

nothing added to commit but untracked files present
On branch master
Your branch is up-to-date with 'origin/master'.
Untracked files:
	.local.git.out
	in
	out1-1
	out1-2
	out2-1
	test-pass
	testfile

nothing added to commit but untracked files present
On branch master
Your branch is up-to-date with 'origin/master'.
Untracked files:
	.local.git.out
	in
	out1-1
	out1-2
	out2-1
	out2-2
	test-pass
	testfile

nothing added to commit but untracked files present
On branch master
Your branch is up-to-date with 'origin/master'.
Untracked files:
	.local.git.out
	in
	out1-1
	out1-2
	out2-1
	out2-2
	out3-1
	test-pass
	testfile

nothing added to commit but untracked files present
On branch master
Your branch is up-to-date with 'origin/master'.
Untracked files:
	.local.git.out
	in
	out1-1
	out1-2
	out2-1
	out2-2
	out3-1
	out3-2
	test-pass
	testfile

nothing added to commit but untracked files present
On branch master
Your branch is up-to-date with 'origin/master'.
Untracked files:
	.local.git.out
	in
	out1-1
	out1-2
	out2-1
	out2-2
	out3-1
	out3-2
	out4-1
	test-pass
	testfile

nothing added to commit but untracked files present
On branch master
Your branch is up-to-date with 'origin/master'.
Untracked files:
	.local.git.out
	in
	out1-1
	out1-2
	out2-1
	out2-2
	out3-1
	out3-2
	out4-1
	out4-2
	test-pass
	testfile

nothing added to commit but untracked files present
On branch master
Your branch is up-to-date with 'origin/master'.
Untracked files:
	.local.git.out
	in
	out1-1
	out1-2
	out2-1
	out2-2
	out3-1
	out3-2
	out4-1
	out4-2
	out5-1
	test-pass
	testfile

nothing added to commit but untracked files present
On branch master
Your branch is up-to-date with 'origin/master'.
Untracked files:
	.local.git.out
	in
	out1-1
	out1-2
	out2-1
	out2-2
	out3-1
	out3-2
	out4-1
	out4-2
	out5-1
	out5-2
	test-pass
	testfile

nothing added to commit but untracked files present
On branch master
Your branch is up-to-date with 'origin/master'.
Untracked files:
	.local.git.out
	in
	out1-1
	out1-2
	out2-1
	out2-2
	out3-1
	out3-2
	out4-1
	out4-2
	out5-1
	out5-2
	out6-1
	test-pass
	testfile

nothing added to commit but untracked files present
On branch master
Your branch is up-to-date with 'origin/master'.
Untracked files:
	.local.git.out
	in
	out1-1
	out1-2
	out2-1
	out2-2
	out3-1
	out3-2
	out4-1
	out4-2
	out5-1
	out5-2
	out6-1
	out6-2
	test-pass
	testfile

nothing added to commit but untracked files present
On branch master
Your branch is up-to-date with 'origin/master'.
Untracked files:
	.local.git.out
	in
	out1-1
	out1-2
	out2-1
	out2-2
	out3-1
	out3-2
	out4-1
	out4-2
	out5-1
	out5-2
	out6-1
	out6-2
	out7-1
	test-pass
	testfile

nothing added to commit but untracked files present
On branch master
Your branch is up-to-date with 'origin/master'.
Untracked files:
	.local.git.out
	in
	out1-1
	out1-2
	out2-1
	out2-2
	out3-1
	out3-2
	out4-1
	out4-2
	out5-1
	out5-2
	out6-1
	out6-2
	out7-1
	out7-2
	test-pass
	testfile

nothing added to commit but untracked files present
On branch master
Your branch is up-to-date with 'origin/master'.
Untracked files:
	.local.git.out
	in
	out1-1
	out1-2
	out2-1
	out2-2
	out3-1
	out3-2
	out4-1
	out4-2
	out5-1
	out5-2
	out6-1
	out6-2
	out7-1
	out7-2
	out8-1
	test-pass
	testfile

nothing added to commit but untracked files present
On branch master
Your branch is up-to-date with 'origin/master'.
Untracked files:
	.local.git.out
	in
	out1-1
	out1-2
	out2-1
	out2-2
	out3-1
	out3-2
	out4-1
	out4-2
	out5-1
	out5-2
	out6-1
	out6-2
	out7-1
	out7-2
	out8-1
	out8-2
	test-pass
	testfile

nothing added to commit but untracked files present
On branch master
Your branch is up-to-date with 'origin/master'.
Untracked files:
	.local.git.out
	in
	out1-1
	out1-2
	out2-1
	out2-2
	out3-1
	out3-2
	out4-1
	out4-2
	out5-1
	out5-2
	out6-1
	out6-2
	out7-1
	out7-2
	out8-1
	out8-2
	out9-1
	test-pass
	testfile

nothing added to commit but untracked files present
On branch master
Your branch is up-to-date with 'origin/master'.
Untracked files:
	.local.git.out
	in
	out1-1
	out1-2
	out2-1
	out2-2
	out3-1
	out3-2
	out4-1
	out4-2
	out5-1
	out5-2
	out6-1
	out6-2
	out7-1
	out7-2
	out8-1
	out8-2
	out9-1
	out9-2
	test-pass
	testfile

nothing added to commit but untracked files present
[master f50ca24] Lab 2 commit
 2 files changed, 34 insertions(+), 32 deletions(-)
On branch master
Your branch is up-to-date with 'origin/master'.
Untracked files:
	.local.git.out
	test-pass
	testfile

nothing added to commit but untracked files present
[master b7925a3] Lab 2 commit
 1 file changed, 1 insertion(+), 1 deletion(-)
On branch master
Your branch is up-to-date with 'origin/master'.
Untracked files:
	.local.git.out
	test-pass
	testfile

nothing added to commit but untracked files present
On branch master
Your branch is up-to-date with 'origin/master'.
Untracked files:
	.local.git.out
	nohup.out
	test-pass
	testfile

nothing added to commit but untracked files present
On branch master
Your branch is up-to-date with 'origin/master'.
Untracked files:
	.local.git.out
	nohup.out
	test-pass
	testfile

nothing added to commit but untracked files present
[master de15396] Lab 2 commit
 1 file changed, 1 insertion(+), 1 deletion(-)
[master 3083514] Lab 2 commit
 1 file changed, 2 insertions(+), 1 deletion(-)
[master 49c313e] Lab 2 commit
 1 file changed, 1 insertion(+), 1 deletion(-)
On branch master
Your branch is up-to-date with 'origin/master'.
Untracked files:
	.local.git.out
	nohup.out
	test-pass
	testfile

nothing added to commit but untracked files present
[master afd8ff3] Lab 2 commit
 1 file changed, 2 insertions(+), 2 deletions(-)
[master 88ae51f] Lab 2 commit
 1 file changed, 3 insertions(+), 3 deletions(-)
On branch master
Your branch is up-to-date with 'origin/master'.
Untracked files:
	.local.git.out
	nohup.out
	test-pass
	testfile

nothing added to commit but untracked files present
[master 0d74066] Lab 2 commit
 1 file changed, 1 insertion(+), 1 deletion(-)
On branch master
Your branch is up-to-date with 'origin/master'.
Untracked files:
	.local.git.out
	nohup.out
	reports_dir/
	test-pass
	testfile

nothing added to commit but untracked files present
[master 4becf57] Lab 2 commit
 1 file changed, 10 insertions(+), 5 deletions(-)
[master 4c20e4f] Lab 2 commit
 1 file changed, 1 insertion(+), 1 deletion(-)
[master c291098] Lab 2 commit
 1 file changed, 1 insertion(+), 1 deletion(-)
On branch master
Your branch is up-to-date with 'origin/master'.
Untracked files:
	.local.git.out
	nohup.out
	test-pass
	testfile

nothing added to commit but untracked files present
[master 6e04729] Lab 2 commit
 1 file changed, 2 insertions(+), 2 deletions(-)
On branch master
Your branch is up-to-date with 'origin/master'.
Untracked files:
	.local.git.out
	nohup.out
	test-pass
	testfile

nothing added to commit but untracked files present
[master 8439c10] Lab 2 commit
 1 file changed, 1 insertion(+), 1 deletion(-)
On branch master
Your branch is up-to-date with 'origin/master'.
Untracked files:
	.local.git.out
	nohup.out
	test-pass
	testfile

nothing added to commit but untracked files present
[master eead24f] Lab 2 commit
 1 file changed, 1 insertion(+), 1 deletion(-)
On branch master
Your branch is up-to-date with 'origin/master'.
Untracked files:
	.local.git.out
	nohup.out
	reports_dir/
	test-pass
	testfile

nothing added to commit but untracked files present
On branch master
Your branch is up-to-date with 'origin/master'.
Untracked files:
	.local.git.out
	nohup.out
	test-pass
	testfile

nothing added to commit but untracked files present
[master c71ff0c] Lab 2 commit
 1 file changed, 2 insertions(+), 1 deletion(-)
[master ff42d3a] Lab 2 commit
 1 file changed, 1 insertion(+), 1 deletion(-)
[master 346c0a0] Lab 2 commit
 1 file changed, 1 deletion(-)
On branch master
Your branch is up-to-date with 'origin/master'.
Untracked files:
	.local.git.out
	nohup.out
	reports_dir/
	test-pass
	testfile

nothing added to commit but untracked files present
On branch master
Your branch is up-to-date with 'origin/master'.
Untracked files:
	.local.git.out
	nohup.out
	reports_dir/
	test-pass
	testfile

nothing added to commit but untracked files present
On branch master
Your branch is up-to-date with 'origin/master'.
Untracked files:
	.local.git.out
	nohup.out
	reports_dir/
	test-pass
	testfile

nothing added to commit but untracked files present
On branch master
Your branch is up-to-date with 'origin/master'.
Untracked files:
	.local.git.out
	gradelab2.sh
	nohup.out
	reports_dir/
	test-pass
	testfile

nothing added to commit but untracked files present
On branch master
Your branch is up-to-date with 'origin/master'.
Untracked files:
	.local.git.out
	gradelab2.sh
	nohup.out
	reports_dir/
	test-pass
	testfile

nothing added to commit but untracked files present
On branch master
Your branch is up-to-date with 'origin/master'.
Untracked files:
	.local.git.out
	gradelab2.sh
	nohup.out
	reports_dir/
	test-pass
	testfile

nothing added to commit but untracked files present
On branch master
Your branch is up-to-date with 'origin/master'.
Untracked files:
	.local.git.out
	gradelab2.sh
	nohup.out
	reports_dir/
	test-pass
	testfile

nothing added to commit but untracked files present
On branch master
Your branch is up-to-date with 'origin/master'.
Untracked files:
	.local.git.out
	gradelab2.sh
	nohup.out
	test-pass
	testfile

nothing added to commit but untracked files present
On branch master
Your branch is up-to-date with 'origin/master'.
Untracked files:
	.local.git.out
	gradelab2.sh
	nohup.out
	reports_dir/
	test-pass
	testfile

nothing added to commit but untracked files present
On branch master
Your branch is up-to-date with 'origin/master'.
Untracked files:
	.local.git.out
	gradelab2.sh
	nohup.out
	test-pass
	testfile

nothing added to commit but untracked files present
On branch master
Your branch is up-to-date with 'origin/master'.
Untracked files:
	.local.git.out
	gradelab2.sh
	nohup.out
	reports_dir/
	test-pass
	testfile

nothing added to commit but untracked files present
