28839
27046
48219
73848
121690
142458
39935
217288
109566
167100
201916
205692
47736
4382
31035
511760
147951
26262
188518
429040
153594
79574
649014
49584
13850
223262
653967
764148
494015
882330
403310
947712
854964
298656
1101450
993744
1171975
220894
1155297
1145240
543127
1223040
808787
1270368
12960
1210444
1064926
852144
398517
319750
39882
1560364
664991
1119852
735350
1769600
590634
379030
533537
749640
1097329
1269822
30618
786176
495755
1367124
1714463
1226856
328233
1395730
972913
2234088
615974
788026
1388550
344888
449372
4056
704522
927520
62856
532754
2520295
1529388
1759415
2063570
606738
670560
2887783
1673730
2961049
2632580
1382166
307286
815100
474240
1907990
813694
1995444
3275800
1441371
301818
973865
1044680
895965
1367506
1116010
2621268
1097630
1563210
1822842
2619008
3574190
3595788
2480550
1831176
2160054
1660614
341768
1117560
3033833
617564
1791003
583048
1725875
3482136
2316734
408832
2508405
2780440
2559347
728508
4103449
1023626
2852415
2785144
3826958
2402580
563506
1313340
1332168
712414
1549405
1109088
4741065
1920046
425565
1442408
3621892
2440050
2560054
2640392
1554939
3688300
1108560
732732
1394317
4935604
3418182
2628320
1250326
1460916
2941987
4952636
1922910
1919956
1399293
1769880
583557
5247900
4888206
1397156
3380247
1723644
1737925
2235376
1810710
1614460
959261
877860
1946293
4855396
4357779
3960784
3921815
5132112
1828860
19740
2313738
862600
1138360
3336576
2496262
3597148
1242345
4823168
6427716
1105038
686351
166600
3544434
3992732
4820235
3035316
5149395
3789782
5075640
452608
378708
1302210
3434236
6137612
6582765
503328
136525
2157192
3997574
4026024
211116
2231240
6287008
4109220
5318104
159712
560475
6423824
3681032
6845472
2272596
2072530
5945478
433840
3439313
4824144
5620730
5123324
941838
1507016
7425013
848160
2708358
997524
2598642
6900320
5637695
4256538
7304778
2003592
1765908
5620500
3403811
5940900
7046303
2826766
7610475
7113984
931625
7131894
4045321
4362540
8233506
7933622
3659382
6793512
2452840
3040380
4645266
4852408
4640519
2199420
4956319
8388752
1119027
3434316
4343900
1348536
3991293
4908090
7172811
180040
8006814
5578806
3409301
5160280
6879330
7981402
4489828
929088
7445218
1563390
3415758
7014424
3197509
8196426
8216930
7140112
8329662
4488774
1157728
972000
2411010
9007452
332088
8147808
5948415
9537102
6876800
6741196
7957677
7262990
613603
2248896
4560723
6714890
7705845
4090936
8315227
10006188
4542560
5401280
1608210
4969748
8420287
8113932
4208100
8262470
4820307
3439408
8883000
10185780
9447402
6846504
10187802
1808610
5098365
8307936
6592057
1766050
2898789
9763780
6903545
8400546
8092056
3548360
928740
1508214
10511324
9591228
10481168
9001650
7558785
4454912
3587892
9478350
4216335
1387332
6984705
5602342
3083092
727560
5510304
11477934
10626099
792064
3363840
2352282
1485616
9971696
5146074
9407990
5056359
10851240
10539861
7269064
10583625
3963792
525915
5186538
3379543
3293080
6499479
927878
1509403
10997760
7064750
7057238
3923019
7408860
6980216
8247720
10308324
5422536
8397231
1059072
10965990
715968
8007093
5688614
474810
11232800
12834406
7941912
6179199
790224
3409290
2657676
8918998
7717320
6872836
6214780
3136752
1978012
8005592
2628486
6508030
11187904
2926089
356972
9870802
12734400
5628770
1853002
1562562
11031208
283475
4532214
11807831
316720
6525090
13372140
6561975
10007712
691501
3772328
6322290
1463216
642827
4122456
8825656
7429400
11265786
891514
12125796
9140184
8974315
12536168
2494260
9064832
9884286
10739250
7470815
4936292
5929770
12825954
13586300
9883800
2419815
11073982
10258191
11598440
12834240
10824660
8695603
7793344
7182390
1535936
13833941
10447164
13321476
13948190
13680195
5471896
5586130
15049500
11486450
2882180
4578246
1632848
2819873
11856000
13996138
7131190
14254779
8344644
8739700
11924010
14636298
12066776
14624523
15471260
11316077
4085568
6728957
769158
6907230
6837856
1597855
5893332
9748464
11286000
3412812
7803088
2444580
6907320
1582670
6004196
2143089
16008604
11320160
8484360
4655210
6103040
16084089
717030
15780115
14496504
9758892
12782168
16131039
1111240
12119502
1686060
12177009
7879388
5838525
177262
9646208
12249600
4055314
15057300
8712117
14145348
6530849
5053776
16795255
1002320
13870710
11031152
193501
8677260
17169717
10126186
4657311
10972480
11755105
8005998
3356392
13456140
2823507
15159650
4025055
4266960
12285448
16885920
9773550
5324812
8187343
15645762
17749927
13124160
15578970
17842938
8723685
7612308
5198000
14482808
18148536
17397840
670851
8147010
1586809
6962956
7971003
881090
14592925
4631040
4210946
17830144
16154679
2560120
10750243
17615394
12125817
6046736
10563345
6808734
13824437
9696120
1325839
391170
6943659
871424
2497123
6650424
17284750
14181224
9846918
8101106
633742
7429800
1224237
15819356
9608202
2597200
11393360
7370172
965737
14368864
9809163
12193290
9992294
14765724
9000679
7624038
14176365
2172016
14164469
8221254
14399178
12699460
4368735
11210928
19821368
10450128
13520625
4141616
6007287
1477056
2916044
9073890
9167168
15425856
16492182
5572226
15758795
12992208
19522139
7576888
19920825
20213760
13383439
737658
18587844
13392624
9382815
15014332
560949
7365816
18804126
583700
19132890
17039368
10553786
10170354
8123310
2223184
13164309
1130444
5200828
7411800
15930100
4835910
3354780
12765400
2215115
17439210
8481572
1832992
12293544
16475970
21654512
15139488
15470251
4745634
1941975
957892
8909320
9999144
16264087
8713520
11064207
13754576
18391141
18014508
9394090
6977306
9861885
12057200
13130962
10356210
10105184
5586516
4038804
6335526
12649000
13812816
13879361
15127056
13620015
8435700
19524953
16431012
1753282
8354368
12112605
11500034
8851640
11268528
20409274
14038830
9776250
15539400
9818723
8229564
1515085
15497104
12332400
15961140
8611463
9727200
23208269
7204838
9858105
200548
3480000
14835084
3464882
7213752
15002820
3790890
464916
4766784
22474513
23590026
12102510
11008352
20758342
315864
16745001
17526160
506103
23907240
13813856
5992920
13570920
14438830
1278117
7742548
4380901
16957500
1316503
12183904
9276960
2102152
2623625
19050444
3851616
24504624
23697498
23865520
2393345
12899136
14894523
7209104
13180950
3615520
7564921
22872576
1658733
13351030
13594272
5173172
925281
10058130
6572775
11885216
8850807
13433726
20831239
22230000
21251791
22964994
22735971
22597232
24181925
20364474
11655470
20211412
9697599
24821010
1351028
4175424
25394239
9627250
23452500
8046764
8879377
9124332
3105713
14126400
15146910
23318150
10265552
2260848
6540625
2420418
24640131
23451392
14041813
10095840
6823754
5604424
15523422
1545786
6705005
11323632
23419305
18566146
4508595
7529240
1250383
2790690
25036483
305704
1525425
5868730
17719302
8689860
8335595
4000600
9263988
744640
18465111
18920124
13253120
25866676
27180738
3449208
24377984
10060680
26683248
26915372
7130094
11716408
25464920
22497678
3616690
5208416
27679947
14298700
15331616
13340616
22750363
26781440
26483625
24592880
11725474
1972542
19274242
21245440
737877
601676
14969598
11390112
5561950
400092
2902716
4530960
6997188
22464270
23186020
26418984
27049032
23342792
4336500
15460524
9997800
19920064
9244443
18594400
20563421
27261738
22122682
25400856
4176315
27276396
3503650
25903848
22533483
15893620
18583587
25758284
6051861
22809516
179895
1857408
12998427
10785878
13900338
27579600
1550621
4877114
155316
13115232
23339950
22659966
13487997
25493916
25019316
12278630
13585743
13970928
23675916
928624
21941700
14848360
16838871
2370276
2121052
25734240
22966056
20036904
19869421
10467996
6306650
1989048
1792818
27450240
17168849
25117440
5254564
29659968
21598950
25741040
29934960
13400712
6872895
15990086
3678063
20074640
11721096
10786842
4640503
14877440
19903590
25003726
18426726
16795716
26992407
21191650
30502374
21309568
19567949
8729100
15857775
27045240
13751133
14748410
20776735
30174720
2249701
6059638
29918484
21152088
16231300
26718594
27029584
3482864
24537018
10567180
4563700
22394880
25116049
31468966
10010325
7942688
10164708
8311044
6949921
7630280
11577762
30982100
28197355
32063640
11884025
11016578
28125552
17188236
21455366
15233130
27778721
1017792
11502912
20831258
16093130
18703884
120637
14428086
16367616
7820000
7106099
12942834
2276810
18371192
9383685
8495670
12093063
31506048
11118171
7322500
10932954
15916736
19084920
28378818
25898740
11783568
2684880
7921058
10007599
13079460
21798350
27940458
18919362
17389568
26663325
16345206
6405399
23004584
20833134
9270
7172667
8994912
13559158
12244628
30362760
32566660
11314707
6595452
27532461
3056560
7532676
18006802
26799885
8819712
12022725
28208528
25293426
2809688
26312067
30077250
15949976
3161260
30017871
1202614
12561885
13812480
8389409
24765664
5127678
12475140
18579171
4599522
27550834
23969792
17012310
21555586
7722946
25552968
12844035
21594740
34923168
6406272
31878830
17056194
19697225
20619388
12487815
33462198
16899298
30547800
34221217
10198932
19088958
6317552
25404190
19414422
21535644
22525952
1959111
15533590
34519240
16494660
27409161
9902888
13204605
3563096
25642375
20327274
23526293
14912700
5844108
25481546
952992
1938624
20373990
29114344
28598238
30052284
17117415
27513570
802142
22803784
589890
7051620
19024130
20476368
15759753
18157438
3425259
22495200
17825021
4795428
19225760
32004776
6514875
4732578
13114899
21861768
2957980
35005140
22521603
19819056
26086192
12602142
37117905
1357520
33987204
13660552
16358318
2956020
19354783
3645264
29809440
7532096
13854500
37250730
17088006
31239376
14471655
14667100
32000102
12622464
28163178
19648004
16917285
22602112
6034912
802494
20597748
34932240
15274116
5052376
35611060
33199608
792200
3082904
23935170
25853680
31238018
30857580
38069210
19911108
4004622
29222034
30826125
22218168
35136981
6636852
26245719
2729340
22501593
25174236
6967870
24557344
5986620
5042872
16550341
32397948
2437450
28669480
25118190
26572064
32034436
23831046
15683180
12615408
32268726
19310562
3005893
26524800
33432237
1518126
38687277
22861552
21644210
29198466
15937228
34639400
11128845
11116270
35632464
20576124
8130739
7095830
24219810
4580672
10197243
15551424
30813882
18337820
11726484
24059958
26481619
6228936
22179850
35809008
21290904
16689748
37486958
16762440
14471636
24442880
23822793
39358430
9913345
1568484
18657671
10071130
26071038
7790920
28780031
14006034
10008636
39156144
32784585
39333728
32178835
31354752
39713204
35996250
31707846
10255132
34241984
9715992
10065100
34781152
16318374
40440926
32152342
13508460
24530233
51742
36581532
17526624
25874310
27952014
27390006
35151496
30086721
16488410
21936189
28719216
21187812
10270988
16591575
5905328
21308022
14104008
33884547
37670400
5317431
14996836
15086797
13781172
8230425
26139236
38557233
2542512
5983538
29619690
11067743
40501616
31803921
2255442
27661200
21163680
16366843
4359982
32995899
16876600
473564
16761948
11840361
24558232
3706200
29843406
41343024
11557488
42228340
4640020
36199332
7280288
27599260
34575282
43039950
32964484
1446066
17118184
9976916
29255160
36973469
42654330
24617061
33956628
10614575
41121912
22279003
783520
38883882
3496570
35613567
22028616
7334166
24553604
11382210
6947200
33253864
32623116
37317930
40505520
8983359
11586828
37715469
283584
42372880
27776056
17602596
25508204
20554713
8484750
36136548
14646216
4876212
20406134
8180135
31038840
9771757
16006746
15545601
36558160
5713478
38849688
23870219
2100560
25877670
15673484
42501397
6179256
30568401
39501210
9281670
28543088
42410597
7126938
18286125
24414368
14477778
45133634
44918167
42055500
41525289
2296884
16246101
21237480
39048690
22127490
28945303
39127720
2664102
27658220
43314349
34536912
41224442
29052354
42317325
25165692
23042118
8063664
3833260
24663800
12183096
36847364
26532133
30414852
45794570
40816180
36503208
5623552
37640026
19679370
16773968
22582116
21389994
14292712
39540760
30690384
22463701
25264506
32110551
18181680
35732466
39831642
26080744
5767200
46342425
7997008
8671879
17601528
5428771
43722250
41841009
7853088
326724
15358140
97580
41789036
6466500
1670956
30755747
16629120
9229605
35352072
30722913
7641648
25397320
118572
46292424
22832064
26592048
11221550
39037704
19519236
3783612
43051486
20573700
44838976
29651407
16419996
9832201
33162440
36465099
32105520
21055496
31830288
18120585
46228844
28952712
37856784
37537357
10091550
16419302
4393920
1171035
20661058
39158300
20948868
47884340
44572046
33210945
39091240
33513549
6636396
19976010
31646300
27139860
19211008
7435000
24154704
20890670
44708940
24088596
45662660
42235477
27365598
21097440
18680552
19784352
9590196
29581266
43495500
30224136
7472450
19895211
21961408
31222730
3227358
16610154
22336496
46941972
41203370
1299460
39600792
34160514
42311758
21870540
24556168
33295116
32987658
36902586
1282880
17406324
18463382
47803924
49398936
28005100
21153412
45232794
31490552
31850599
8161020
25817253
21702312
30013074
41295280
48978780
41753088
33451268
39358958
17179857
43371020
5526026
27351996
40352536
5587736
50045640
25218352
18619692
3394764
50151973
31819950
49002294
16598640
30202744
15317778
3155095
26539136
50808024
39676028
4547603
11717160
27323744
3462954
32837067
21342344
13340060
42756498
45186012
49588000
2912064
14420450
40228597
8466792
39007254
35030944
39420675
34508096
42462302
9374898
31568947
28737040
9195096
38374574
2770250
20477952
8283210
47751288
42942633
1070312
21362516
6146940
15746127
31484984
29836890
18813982
43106470
22178016
17549433
35422866
12985479
42968000
28135974
45155574
49426902
41168264
9808155
25333044
27958586
709128
40662648
4384030
8844390
27050972
12279769
47256306
22414585
42219616
40552743
42786392
23902916
21196080
3605104
43965932
11399952
39360888
41991625
10577130
30582719
32271844
7615575
36230010
3315823
13344864
44914032
25423406
35484405
26571912
48972492
28971306
47563780
7006080
20748804
10961992
14300672
34629216
43227310
37984742
22583664
6717248
24621219
10601250
1378585
21649460
33798891
30314512
32687905
8231976
10028164
28685058
41445138
6918880
34007314
35098116
2028860
17698304
29277360
15242234
791825
16316376
11544473
35702930
52800258
44715968
8811691
32745114
6710050
26747284
28483845
30623500
47799451
19113360
48337155
24690078
15421329
14473980
38921815
24914022
29797481
42567984
29273748
46490210
50349525
33386544
9744908
35075964
10186950
44550528
8678458
24121788
53786942
25360600
47816811
29625012
10185643
1656288
18766935
27848744
43021521
11757872
29969024
53153640
12117302
26623312
52042653
1828838
15124585
19991400
26191118
1613202
9994266
27865720
11570283
31793286
17857172
50270116
50197500
23570256
53526638
40711680
37123359
29065730
38789979
34141184
16950473
51208488
4311475
24795288
30585096
4630032
20088928
1458120
45457510
489502
32383197
29173632
23475485
15436386
56279605
6346988
51130266
56012250
41472435
6538464
3965286
2204778
29666520
47928264
37345035
44013288
38203721
55938080
32449947
18152124
23989141
10689840
34786385
39599018
1752864
16955120
40628623
55721370
53972996
14372692
41498838
47420794
49268675
31912944
23230721
3465322
29872968
57241240
26958997
27970272
25894509
49393608
37056600
41303036
627237
30319116
3819515
29169840
45054396
57756160
47087766
1478256
4230815
30106348
35415276
54997224
17709356
12481200
33230251
55195260
6128397
986788
17293705
23611644
26599040
33080976
25568406
21799640
36435509
21680580
46149915
15682030
32292480
50662768
21324312
58059648
30795670
23336040
40134840
23217746
913323
11525856
43794525
41263948
28808136
47917364
21891301
57220440
37621557
1395984
2164773
58660490
5387560
12034980
31460462
12009492
57542310
33824720
32616997
14082090
17438466
54250480
53569575
42712748
41821621
45270456
47824385
56659950
45429093
32702616
44027280
19528182
7420000
11180544
28597800
59041666
14741870
19883400
23379743
42237608
44171730
18114352
35821055
5465514
40347737
51629652
58107210
28126670
48421480
11911536
46903666
26674516
54519375
47877396
34373501
44183706
20276289
51775200
37606833
3248332
58414426
13201188
32118515
43119618
6144072
45991680
34717931
49784490
20103221
19708964
26759448
835254
58059010
5822616
3038994
12223120
54381663
26742500
15936083
25256658
28552612
21566608
48122205
22004770
1321551
31216788
19719970
7859650
50819223
8661360
54738582
21067398
6882510
8378668
39743244
38346574
57366586
61489920
964342
51782524
59032254
28007668
46484900
53768142
57008368
48099744
55632360
30822100
18811802
30357516
3997444
36262500
45292545
19423888
7970755
46537194
30985220
12598360
40747413
2738220
827718
10785312
49412725
48101228
30398511
63684016
44598967
47129550
39293140
6375232
42294168
49352178
3378240
39294084
39625336
3982572
63408912
33545400
60640003
29249496
48179872
33201420
40732485
55508044
59513552
55497600
47065007
24985510
23198670
37736192
56646803
55350960
13807225
47198736
36831510
49679448
34951119
39611880
61733903
48134852
37403346
42298880
24387710
57337806
34148582
23690996
24802830
4395910
12011703
19493712
15662987
26586002
5426400
56714344
12347451
4361634
64207880
30156000
49982979
5501496
58159108
64382508
49325005
15047006
42456078
27164224
61346824
63962220
25555788
47444972
18922200
15407100
31220410
50656032
32088453
21725788
62510259
24809640
51899280
4349322
17136833
33904024
13998825
43465804
13655899
53786616
33969518
10718400
65026527
16335248
40141585
66066354
26963750
34538704
54836040
51508412
26698666
13808760
35172553
57510888
13528746
47289984
13235240
13454496
4116517
57229312
20571960
1717900
32840612
58527144
35116565
56080362
50900295
14021920
20473321
60157398
27563833
20933720
58905441
15417574
62669814
15882480
34634180
6167010
36112557
53399896
38696507
11579580
7474239
38102008
48858537
18184832
52694625
66077004
18285908
51409720
22918896
4636320
54620007
226938
42380718
18783092
66290490
26859336
30735249
63963792
31456162
63481660
22921542
42996876
65896012
27125676
25001730
7155744
1107216
35252694
12044062
57890700
15356209
6310204
22422186
27888520
52692360
4205682
60392941
59951520
43780731
21747770
43047512
41289600
3866790
39333084
4735485
6297216
3294052
64404144
52339300
8848880
12539352
32958904
23372107
16320816
17146625
28373596
17447781
24184720
36180226
2147040
45032292
17414176
33279066
20603770
9144205
66023760
10832453
38640074
31034751
36491280
57616451
12162276
23144400
16393024
30682080
66560336
8323919
66368904
57997212
37386350
34682724
55790600
6157580
52303428
19946680
14339556
58267041
22123816
12947523
58980960
55967739
59513374
43136709
14578868
11903170
17386482
48750999
38722648
18683766
40947900
54505126
36984816
30758815
52452098
26421900
70469760
48775685
30226284
61896674
16657380
55297074
57495700
38999295
71388408
14993470
64292446
47488518
25398304
49372895
20594760
69237791
49714560
32552892
17203154
69151280
67177836
20502404
54728002
36499002
17076400
4307357
27881724
6591376
29817916
63168840
13408068
13358971
70126080
6377383
53223430
27005154
52446520
14782840
70582320
35820980
8068456
12594777
58765910
25977833
8531460
20784118
27317268
67801500
33658016
40299200
45724266
58403075
50337204
55867656
48103330
61814317
56755296
37487604
46205822
46834425
39738192
60676388
18805914
68542507
55758080
24285717
13308512
39223341
1976964
5879655
8424746
58210782
69591336
65027586
23188500
57834943
31001032
71275908
761852
71699980
68368080
26749964
537404
54911772
60615460
14203602
24547224
30661387
64327032
332955
63853614
70252063
51420096
5096174
16373510
2050713
13688800
38122756
41577816
68939325
53670356
58901436
44505286
14323515
12761160
72923570
60187750
44504802
11787724
61738415
54909720
69646011
73135920
61743486
43922200
57902734
14212692
28518041
48947078
30725460
15824032
25103913
53862822
34445917
25743900
8957793
70867070
5444292
22173696
19788425
56187996
72483633
4542144
58011316
61529160
33285333
58049696
45103500
3857438
18100985
15470880
73122203
60678286
11112648
49070320
43045266
25588440
5805177
57014692
62833125
3719274
19888869
47032584
71770464
20315270
48878739
25185600
1789411
69609216
14091725
69257728
26910555
13326600
58208354
27441180
40944090
63835894
57679974
2794048
23321025
4830414
24317267
62564808
10542312
21448450
22534335
51560544
515307
24168518
8268405
33078240
45473601
66139542
23219637
56727320
31476852
44828398
19284443
2992824
70370575
33069582
19224774
23466880
60376334
55348980
7390407
40793656
14603442
1521734
36643875
33537240
28214990
37508194
56065893
35107380
48036675
24710868
45041083
53487424
49903740
62284144
12925605
57944820
25051054
38565040
46971195
56728672
68588166
4507902
42896845
6179284
54407106
34303390
52473327
53601600
47628637
528440
39990726
36060
67542020
63528024
6426690
48554912
28826094
73582120
9320926
18738828
15573502
69518372
19856130
75212496
29671092
3798678
6008796
28287380
47371707
75966030
40764552
54069744
44748525
37542350
49357899
13664784
41574764
64368270
33025135
11943552
61574364
79195058
74995565
37268364
7276882
64480224
44721504
64860080
43020184
39277128
3493490
11652992
70843875
44893884
72541315
72181728
8289865
66421950
78500628
42323972
8612483
80128008
45294750
43677504
66447108
79599872
17665456
26162100
49795874
13110150
63988740
12066208
18070915
53223678
3878124
73640184
65759346
46937410
34579174
58314480
77333183
68665870
37595250
39727420
25240630
70912926
54049637
43891040
20426073
65465232
35127001
38949120
13478640
6707228
78974685
75244584
81477415
70091010
44997424
25363576
22731174
5254858
41444445
73447296
49842617
52215694
17043180
66145000
32202876
40762584
57604042
43532040
45553425
15995798
46996222
47183004
67745509
64471860
1220346
54801792
78093988
35115552
17139725
25406568
42904782
21576742
77162008
11687760
53662006
76540178
17830041
67688632
75719700
26000118
53686115
22653408
20692278
30787570
58094043
78694560
50325644
28003234
33332715
72709656
18499804
57039012
57734321
28130500
65283372
80245856
43241172
49597824
68877880
47824064
12172113
29016624
15395960
77558250
77833561
33694056
34611021
45310514
66463215
62039232
65405503
65469452
18253347
44131840
70898724
2749026
57634181
14735308
45277380
25349514
2728721
48234744
1192016
74707330
15677958
74315368
84088213
68326830
36796750
12279792
34258638
78647046
75869022
22095120
82240984
2507122
66561327
67928192
45382260
69638394
4974801
10414112
57600072
57795850
82906818
56070144
43253833
12720976
31267155
9054848
46431763
38125650
42784738
46350200
22631301
80047928
43470100
52918488
24169190
33442798
20397168
14179696
59826979
16748370
61402887
38422520
57765591
52070880
39802915
41759208
73098044
56590688
17005167
639280
36117380
82152504
23037809
8352192
63753375
65437294
64153967
3061620
54691087
67964460
38017950
71708840
23920805
36438756
68510
24282832
83189439
36829118
7996170
979440
84123773
24282622
20816268
1837580
28568645
46365858
31483418
79236104
29541648
65004500
54891606
38713896
19751585
76814722
43329600
80298848
30154293
50882094
76571223
31547600
77810301
62253532
1627093
29977992
74958455
35772388
7984998
78663312
76312048
58448970
52621371
34209616
74648871
70633710
37498150
54223788
4443820
56128202
31242498
30905760
29131746
45508176
52661924
51422756
84931920
82871158
27770145
59493504
31259625
78478060
74134359
9061272
32097867
66649560
61842165
69114656
10146114
66931984
58309196
19915200
78293887
43604876
50967768
57027360
4447020
73762854
32443395
28436708
28636839
17357550
82831894
29281464
79197896
68392800
40879755
6233220
19287983
53661474
46647164
18003680
32847912
28594610
41994106
53706384
27713250
14376924
54092772
38282024
65337718
109200
69296394
69813528
31104273
23884224
54464790
34145280
25927601
25041748
18592332
31301760
36367588
15996828
37214281
40973408
53324370
13263180
24761458
86331168
66157434
42471000
46703727
71119936
80379341
77271732
52099805
47439028
25033560
40255768
73698408
6450120
31337350
23217372
42365079
55912956
90523335
1761942
32169142
59157696
45082089
45081750
16781176
73036656
38627890
29379434
68800575
81789288
344348
87582006
608601
5440460
37565748
24843260
31414504
51645984
77080445
28369838
47847216
23776064
41528210
86833170
27170385
41480744
54385296
33583880
63507990
61763640
51031265
73268428
34749585
76904800
57787431
89224086
84008713
75946340
87016710
8530240
41594126
85287384
17328721
27762800
952929
35341216
58009686
86572710
57518895
57832192
73864557
22690536
73065661
91669740
3218761
73696530
9688536
74163888
14252125
67459446
13883397
36984584
8407788
4236510
67754323
30690384
17575932
62945974
48067425
72527864
63404113
7217034
4948377
89491240
76670067
49902678
73460277
72175032
21465525
46159274
5039190
44044320
80022712
58325250
88543507
77004
31907952
4523590
13027365
14131488
30541330
9411394
54532566
20958080
88868382
66461364
28343700
54490464
71284065
72893844
40224010
47648952
83556756
26576200
38537433
65737208
51791571
232794
18848500
92463400
24802617
60032202
18129063
32886720
28965574
61288612
21766650
25483024
15535725
11601720
12549789
73467832
65967426
73131450
23208948
19949016
31672564
75559446
87469530
68528048
22118595
60831918
28120300
4544300
82231746
64064552
78627755
80588904
11602570
66314920
82701243
49238256
67459710
76317660
82381300
41490176
62501328
28143412
20711075
45521676
13759489
16696796
13047930
92566920
22550120
38184696
88610745
32210784
12086100
53645284
91433626
2755248
47663617
78544510
26803995
65802876
65798922
55687320
12303520
33802168
36271950
21177104
21651613
48821640
90956307
74014836
26222130
79811840
72500010
77977674
60039231
82641284
37564362
67643500
47180588
35512560
51317234
85456266
91622730
90119572
23744710
37738164
30377094
27504320
85599549
52519222
58356285
40126632
79423455
96481014
38229795
74538352
50081092
5675670
85235019
86907224
33755442
24339216
12236175
84381504
45759467
10640394
94112568
56974620
79491346
73935708
43140146
96806928
70210185
20522778
62951025
75073500
50813
66796600
18879192
46190496
53437022
82972722
59995840
87695916
52027920
36965340
46586466
67044000
27957316
48083034
81414333
39394456
94456165
78513714
61890074
52715200
81552927
35201950
42828464
11548008
49244472
51451994
48716370
78808080
36946182
153918
67888253
72863540
17648682
56955634
49459303
35964432
55905025
