CS252: lab1. husaina Fri Aug 25 15:50:41 EDT 2017  Total:  5 of 100

CS252: lab1. husaina Tue Aug 29 15:54:58 EDT 2017  Total:  5 of 100

CS252: lab1. husaina Wed Aug 30 11:47:39 EDT 2017  Total:  5 of 100

CS252: lab1. husaina Fri Sep 1 16:15:52 EDT 2017  Total:  10 of 100

CS252: lab1. husaina Fri Sep 1 17:03:08 EDT 2017  Total:  30 of 100

CS252: lab1. husaina Fri Sep 1 17:18:52 EDT 2017  Total:  25 of 100

CS252: lab1. husaina Sun Sep 3 01:06:57 EDT 2017  Total:  25 of 100

CS252: lab1. husaina Sun Sep 3 19:04:47 EDT 2017  Total:  30 of 100

CS252: lab1. husaina Sun Sep 3 19:37:03 EDT 2017  Total:  25 of 100

CS252: lab1. husaina Sun Sep 3 19:51:23 EDT 2017  Total:  25 of 100

CS252: lab1. husaina Sun Sep 3 20:22:38 EDT 2017  Total:  30 of 100

CS252: lab1. husaina Sun Sep 3 20:46:06 EDT 2017  Total:  30 of 100

CS252: lab1. husaina Mon Sep 4 01:37:54 EDT 2017  Total:  30 of 100

CS252: lab1. husaina Mon Sep 4 01:49:18 EDT 2017  Total:  35 of 100

CS252: lab1. husaina Mon Sep 4 01:59:54 EDT 2017  Total:  35 of 100

CS252: lab1. husaina Mon Sep 4 02:46:39 EDT 2017  Total:  35 of 100

CS252: lab1. husaina Mon Sep 4 02:57:22 EDT 2017  Total:  80 of 100

CS252: lab1. husaina Mon Sep 4 03:01:37 EDT 2017  Total:  80 of 100

CS252: lab1. husaina Mon Sep 4 09:42:12 EDT 2017  Total:  85 of 100

CS252: lab1. husaina Mon Sep 4 09:54:12 EDT 2017  Total:  90 of 100

CS252: lab1. husaina Mon Sep 4 10:10:21 EDT 2017  Total:  90 of 100

CS252: lab1. husaina Mon Sep 4 11:02:58 EDT 2017  Total:  100 of 100

CS252: lab1. husaina Mon Sep 4 18:59:39 EDT 2017  Total:  100 of 100

CS252: lab1. husaina Mon Sep 4 22:15:59 EDT 2017  Total:  100 of 100

CS252: lab1. husaina Tue Sep 5 22:29:07 EDT 2017  Total:  100 of 100

CS252: lab1. husaina Fri Sep 8 16:05:36 EDT 2017  Total:  100 of 100

